<?xml version="1.0" encoding="UTF-8"?>
<!-- Generated by org.testng.reporters.JUnitXMLReporter -->
<testsuite hostname="C02TQPDLHV2L" ignored="1" name="Default test" tests="2" failures="0" timestamp="2020-06-29T11:20:08 IST" time="0.066" errors="0">
  <testcase name="test" time="0.006" classname="selenide_tests.Login"/>
  <testcase name="test" time="0.006" classname="selenide_tests.Login"/>
  <testcase name="registerClient" time="0.0" classname="selenide_tests.Login">
    <ignored/>
  </testcase> <!-- registerClient -->
</testsuite> <!-- Default test -->
