<?xml version="1.0" encoding="UTF-8"?>
<testsuite xmlns:xsi="http://www.w3.org/2001/XMLSchema-instance" xsi:noNamespaceSchemaLocation="https://maven.apache.org/surefire/maven-surefire-plugin/xsd/surefire-test-report-3.0.xsd" version="3.0" name="TestSuite" time="17.407" tests="5" errors="0" skipped="0" failures="2">
  <properties>
[...]
</properties>
  <testcase name="test[resourses.Client@5a9ce1e8](2)" classname="selenide_tests.Login" time="0.002">
    <system-out><![CDATA[test1q@gmail.com
test2q@gmail.com
]]></system-out>
  </testcase>
  <testcase name="test[resourses.Client@51e46a6d](2)" classname="selenide_tests.Login" time="0.003"/>
  <testcase name="testTrue" classname="selenide_tests.Login" time="0.003"/>
  <testcase name="registerClient[resourses.Client@681d6c61](1)" classname="selenide_tests.Login" time="16.576">
    <failure message="Element not found {By.xpath: //input[@id=&apos;id_gender1&apos;]}&#10;Expected: visible or transparent: visible or have css value opacity=0&#10;Screenshot: file:/Users/sl/eclipse-workspace/selenide-test/build/reports/tests/1597322176257.0.png&#10;Page source: file:/Users/sl/eclipse-workspace/selenide-test/build/reports/tests/1597322176257.0.html&#10;Timeout: 4 s.&#10;Caused by: NoSuchElementException: no such element: Unable to locate element: {&quot;method&quot;:&quot;xpath&quot;,&quot;selector&quot;:&quot;//input[@id=&apos;id_gender1&apos;]&quot;}" type="com.codeborne.selenide.ex.ElementNotFound"><![CDATA[com.codeborne.selenide.ex.ElementNotFound: 
Element not found {By.xpath: //input[@id='id_gender1']}
Expected: visible or transparent: visible or have css value opacity=0
Screenshot: file:/Users/sl/eclipse-workspace/selenide-test/build/reports/tests/1597322176257.0.png
Page source: file:/Users/sl/eclipse-workspace/selenide-test/build/reports/tests/1597322176257.0.html
Timeout: 4 s.
Caused by: NoSuchElementException: no such element: Unable to locate element: {"method":"xpath","selector":"//input[@id='id_gender1']"}
	at selenide_tests.Login.registerClient(Login.java:32)
Caused by: org.openqa.selenium.NoSuchElementException: 
no such element: Unable to locate element: {"method":"xpath","selector":"//input[@id='id_gender1']"}
  (Session info: chrome=84.0.4147.125)
For documentation on this error, please visit: https://www.seleniumhq.org/exceptions/no_such_element.html
Build info: version: '3.141.59', revision: 'e82be7d358', time: '2018-11-14T08:17:03'
System info: host: 'C02TQPDLHV2L', ip: '2a02:8084:9042:2600:60fa:bac8:7fe8:fd55', os.name: 'Mac OS X', os.arch: 'x86_64', os.version: '10.15.5', java.version: '1.8.0_102'
Driver info: org.openqa.selenium.chrome.ChromeDriver
Capabilities {acceptInsecureCerts: true, browserName: chrome, browserVersion: 84.0.4147.125, chrome: {chromedriverVersion: 84.0.4147.30 (48b3e868b4cc0..., userDataDir: /var/folders/db/2104bl4d14q...}, goog:chromeOptions: {debuggerAddress: localhost:63776}, javascriptEnabled: true, networkConnectionEnabled: false, pageLoadStrategy: normal, platform: MAC, platformName: MAC, proxy: Proxy(), setWindowRect: true, strictFileInteractability: false, timeouts: {implicit: 0, pageLoad: 300000, script: 30000}, unhandledPromptBehavior: dismiss and notify, webauthn:virtualAuthenticators: true}
Session ID: 78cdf09015a1877e3426ab347ccd7bfe
*** Element info: {Using=xpath, value=//input[@id='id_gender1']}
	at selenide_tests.Login.registerClient(Login.java:32)
]]></failure>
    <system-err><![CDATA[SLF4J: Failed to load class "org.slf4j.impl.StaticLoggerBinder".
SLF4J: Defaulting to no-operation (NOP) logger implementation
SLF4J: See http://www.slf4j.org/codes.html#StaticLoggerBinder for further details.
StaSrtatirngt iCnhrgo meCDrihrvoemre D8r4i.v0e.r 48144.07..413407. 3(0 48b3e(84688bb34ec8c608aab74ec81c40a95a71e9689140b9561f96699409b6ef161904a98e-1r1e0fas8/-brreafnsc/hb-rhaenacdhs-/h4e1a4d7s@/{4#134170@{}#) 3o1n0} ) poon porrt 70t4 3938
0O4
Onnllyy  llooccaall  ccoonnnneeccttiioonnss  aarree  aallowed.
Plelasleo wseed.e
 httPpsl:ea/s/ec hrsoemee dhrtitvpesr:./c/hcrhormoimuemd.rorigv/esre.ccuhrriotmyi-ucom.orng/sseicduerriattyi-oconns sfor suigdgeersattiioonnss  onf oker seupggiensgt ioCnhsro moenD rkieveper saifneg. 
ChromeDriver safe.
CChhrroommeeDDrriivveerr  wawsa ss tsatratredt esdu cscuecsscfeuslslfyu.l
ly.
Aug 13, 2020 1:36:04 PM org.openqa.selenium.remote.ProtocolHandshake createSession
INFO: Detected dialect: W3C
Aug 13, 2020 1:36:04 PM org.openqa.selenium.remote.ProtocolHandshake createSession
INFO: Detected dialect: W3C
]]></system-err>
  </testcase>
  <testcase name="registerClient[resourses.Client@3a50f9cb](2)" classname="selenide_tests.Login" time="16.616">
    <failure message="Element not found {By.xpath: //input[@id=&apos;id_gender1&apos;]}&#10;Expected: visible or transparent: visible or have css value opacity=0&#10;Screenshot: file:/Users/sl/eclipse-workspace/selenide-test/build/reports/tests/1597322176305.1.png&#10;Page source: file:/Users/sl/eclipse-workspace/selenide-test/build/reports/tests/1597322176305.1.html&#10;Timeout: 4 s.&#10;Caused by: NoSuchElementException: no such element: Unable to locate element: {&quot;method&quot;:&quot;xpath&quot;,&quot;selector&quot;:&quot;//input[@id=&apos;id_gender1&apos;]&quot;}" type="com.codeborne.selenide.ex.ElementNotFound"><![CDATA[com.codeborne.selenide.ex.ElementNotFound: 
Element not found {By.xpath: //input[@id='id_gender1']}
Expected: visible or transparent: visible or have css value opacity=0
Screenshot: file:/Users/sl/eclipse-workspace/selenide-test/build/reports/tests/1597322176305.1.png
Page source: file:/Users/sl/eclipse-workspace/selenide-test/build/reports/tests/1597322176305.1.html
Timeout: 4 s.
Caused by: NoSuchElementException: no such element: Unable to locate element: {"method":"xpath","selector":"//input[@id='id_gender1']"}
	at selenide_tests.Login.registerClient(Login.java:32)
Caused by: org.openqa.selenium.NoSuchElementException: 
no such element: Unable to locate element: {"method":"xpath","selector":"//input[@id='id_gender1']"}
  (Session info: chrome=84.0.4147.125)
For documentation on this error, please visit: https://www.seleniumhq.org/exceptions/no_such_element.html
Build info: version: '3.141.59', revision: 'e82be7d358', time: '2018-11-14T08:17:03'
System info: host: 'C02TQPDLHV2L', ip: '2a02:8084:9042:2600:60fa:bac8:7fe8:fd55', os.name: 'Mac OS X', os.arch: 'x86_64', os.version: '10.15.5', java.version: '1.8.0_102'
Driver info: org.openqa.selenium.chrome.ChromeDriver
Capabilities {acceptInsecureCerts: true, browserName: chrome, browserVersion: 84.0.4147.125, chrome: {chromedriverVersion: 84.0.4147.30 (48b3e868b4cc0..., userDataDir: /var/folders/db/2104bl4d14q...}, goog:chromeOptions: {debuggerAddress: localhost:63777}, javascriptEnabled: true, networkConnectionEnabled: false, pageLoadStrategy: normal, platform: MAC, platformName: MAC, proxy: Proxy(), setWindowRect: true, strictFileInteractability: false, timeouts: {implicit: 0, pageLoad: 300000, script: 30000}, unhandledPromptBehavior: dismiss and notify, webauthn:virtualAuthenticators: true}
Session ID: e59ac37f275e8b254c4e22e6e7ffd9bc
*** Element info: {Using=xpath, value=//input[@id='id_gender1']}
	at selenide_tests.Login.registerClient(Login.java:32)
]]></failure>
  </testcase>
</testsuite>