<?xml version="1.0" encoding="UTF-8"?>
<testsuite xmlns:xsi="http://www.w3.org/2001/XMLSchema-instance" xsi:noNamespaceSchemaLocation="https://maven.apache.org/surefire/maven-surefire-plugin/xsd/surefire-test-report-3.0.xsd" version="3.0" name="TestSuite" time="1.456" tests="2" errors="0" skipped="0" failures="2">
  <properties>
[...]
</properties>
  <testcase name="putMacBookAirToBag" classname="apple_tests.BuyMacTest" time="0.641">
    <failure message="org.openqa.selenium.chrome.ChromeOptions.setHeadless(Z)Lorg/openqa/selenium/chrome/ChromeOptions;" type="java.lang.NoSuchMethodError"><![CDATA[java.lang.NoSuchMethodError: org.openqa.selenium.chrome.ChromeOptions.setHeadless(Z)Lorg/openqa/selenium/chrome/ChromeOptions;
	at apple_tests.BuyMacTest.putMacBookAirToBag(BuyMacTest.java:25)
]]></failure>
    <system-out><![CDATA[EN
]]></system-out>
    <system-err><![CDATA[SLF4J: Failed to load class "org.slf4j.impl.StaticLoggerBinder".
SLF4J: Defaulting to no-operation (NOP) logger implementation
SLF4J: See http://www.slf4j.org/codes.html#StaticLoggerBinder for further details.
]]></system-err>
  </testcase>
  <testcase name="test" classname="apple_tests.BuyMacTest" time="0.001">
    <failure message="org.openqa.selenium.chrome.ChromeOptions.setHeadless(Z)Lorg/openqa/selenium/chrome/ChromeOptions;" type="java.lang.NoSuchMethodError"><![CDATA[java.lang.NoSuchMethodError: org.openqa.selenium.chrome.ChromeOptions.setHeadless(Z)Lorg/openqa/selenium/chrome/ChromeOptions;
	at apple_tests.BuyMacTest.test(BuyMacTest.java:37)
]]></failure>
  </testcase>
</testsuite>