<?xml version="1.0" encoding="UTF-8"?>
<testng-results skipped="0" failed="1" ignored="2" total="4" passed="1">
  <reporter-output>
  </reporter-output>
  <suite name="Default suite" duration-ms="21018" started-at="2020-08-13T14:51:40 IST" finished-at="2020-08-13T14:52:01 IST">
    <groups>
    </groups>
    <test name="Default test" duration-ms="21018" started-at="2020-08-13T14:51:40 IST" finished-at="2020-08-13T14:52:01 IST">
      <class name="selenide_tests.Login">
        <test-method status="PASS" signature="setUp()[pri:0, instance:selenide_tests.Login@4d95d2a2]" name="setUp" is-config="true" duration-ms="3" started-at="2020-08-13T14:51:40 IST" finished-at="2020-08-13T14:51:40 IST">
          <reporter-output>
          </reporter-output>
        </test-method> <!-- setUp -->
        <test-method status="PASS" signature="setUp()[pri:0, instance:selenide_tests.Login@4d95d2a2]" name="setUp" is-config="true" duration-ms="4" started-at="2020-08-13T14:51:40 IST" finished-at="2020-08-13T14:51:40 IST">
          <reporter-output>
          </reporter-output>
        </test-method> <!-- setUp -->
        <test-method status="PASS" signature="registerClient(resourses.Client)[pri:0, instance:selenide_tests.Login@4d95d2a2]" name="registerClient" duration-ms="17720" started-at="2020-08-13T14:51:40 IST" data-provider="data-test-clients" finished-at="2020-08-13T14:51:57 IST">
          <params>
            <param index="0">
              <value>
                <![CDATA[resourses.Client@5c15f6f1]]>
              </value>
            </param>
          </params>
          <reporter-output>
          </reporter-output>
        </test-method> <!-- registerClient -->
        <test-method status="FAIL" signature="registerClient(resourses.Client)[pri:0, instance:selenide_tests.Login@4d95d2a2]" name="registerClient" duration-ms="20951" started-at="2020-08-13T14:51:40 IST" data-provider="data-test-clients" finished-at="2020-08-13T14:52:01 IST">
          <params>
            <param index="0">
              <value>
                <![CDATA[resourses.Client@68e36e2a]]>
              </value>
            </param>
          </params>
          <exception class="com.codeborne.selenide.ex.ElementNotFound">
            <message>
              <![CDATA[Element not found {By.xpath: //a[@title='Information']}
Expected: visible or transparent: visible or have css value opacity=0
Screenshot: file:/Users/sl/eclipse-workspace/selenide-test/build/reports/tests/1597326720513.0.png
Page source: file:/Users/sl/eclipse-workspace/selenide-test/build/reports/tests/1597326720513.0.html
Timeout: 4 s.
Caused by: NoSuchElementException: no such element: Unable to locate element: {"method":"xpath","selector":"//a[@title='Information']"}]]>
            </message>
            <full-stacktrace>
              <![CDATA[Element not found {By.xpath: //a[@title='Information']}
Expected: visible or transparent: visible or have css value opacity=0
Screenshot: file:/Users/sl/eclipse-workspace/selenide-test/build/reports/tests/1597326720513.0.png
Page source: file:/Users/sl/eclipse-workspace/selenide-test/build/reports/tests/1597326720513.0.html
Timeout: 4 s.
Caused by: NoSuchElementException: no such element: Unable to locate element: {"method":"xpath","selector":"//a[@title='Information']"}
at com.codeborne.selenide.impl.WebElementSource.createElementNotFoundError(WebElementSource.java:37)
at com.codeborne.selenide.impl.ElementFinder.createElementNotFoundError(ElementFinder.java:100)
at com.codeborne.selenide.impl.WebElementSource.checkCondition(WebElementSource.java:65)
at com.codeborne.selenide.impl.WebElementSource.findAndAssertElementIsInteractable(WebElementSource.java:87)
at com.codeborne.selenide.commands.Click.execute(Click.java:13)
at com.codeborne.selenide.commands.Click.execute(Click.java:9)
at com.codeborne.selenide.commands.Commands.execute(Commands.java:150)
at com.codeborne.selenide.impl.SelenideElementProxy.dispatchAndRetry(SelenideElementProxy.java:100)
at com.codeborne.selenide.impl.SelenideElementProxy.invoke(SelenideElementProxy.java:66)
at com.sun.proxy.$Proxy8.click(Unknown Source)
at pages.AccountPage.goToPersonalInfo(AccountPage.java:11)
at selenide_tests.Login.registerClient(Login.java:35)
at sun.reflect.NativeMethodAccessorImpl.invoke0(Native Method)
at sun.reflect.NativeMethodAccessorImpl.invoke(NativeMethodAccessorImpl.java:62)
at sun.reflect.DelegatingMethodAccessorImpl.invoke(DelegatingMethodAccessorImpl.java:43)
at java.lang.reflect.Method.invoke(Method.java:498)
at org.testng.internal.MethodInvocationHelper.invokeMethod(MethodInvocationHelper.java:135)
at org.testng.internal.TestInvoker.invokeMethod(TestInvoker.java:598)
at org.testng.internal.TestInvoker.invokeTestMethod(TestInvoker.java:174)
at org.testng.internal.TestMethodWithDataProviderMethodWorker.call(TestMethodWithDataProviderMethodWorker.java:77)
at org.testng.internal.TestMethodWithDataProviderMethodWorker.call(TestMethodWithDataProviderMethodWorker.java:15)
at java.util.concurrent.FutureTask.run(FutureTask.java:266)
at java.util.concurrent.Executors$RunnableAdapter.call(Executors.java:511)
at java.util.concurrent.FutureTask.run(FutureTask.java:266)
at java.util.concurrent.ThreadPoolExecutor.runWorker(ThreadPoolExecutor.java:1142)
at java.util.concurrent.ThreadPoolExecutor$Worker.run(ThreadPoolExecutor.java:617)
at java.lang.Thread.run(Thread.java:745)
Caused by: org.openqa.selenium.NoSuchElementException: no such element: Unable to locate element: {"method":"xpath","selector":"//a[@title='Information']"}
  (Session info: chrome=84.0.4147.125)
For documentation on this error, please visit: https://www.seleniumhq.org/exceptions/no_such_element.html
Build info: version: '3.141.59', revision: 'e82be7d358', time: '2018-11-14T08:17:03'
System info: host: 'C02TQPDLHV2L', ip: '2a02:8084:9042:2600:60fa:bac8:7fe8:fd55', os.name: 'Mac OS X', os.arch: 'x86_64', os.version: '10.15.5', java.version: '1.8.0_102'
Driver info: org.openqa.selenium.chrome.ChromeDriver
Capabilities {acceptInsecureCerts: true, browserName: chrome, browserVersion: 84.0.4147.125, chrome: {chromedriverVersion: 84.0.4147.30 (48b3e868b4cc0..., userDataDir: /var/folders/db/2104bl4d14q...}, goog:chromeOptions: {debuggerAddress: localhost:64800}, javascriptEnabled: true, networkConnectionEnabled: false, pageLoadStrategy: normal, platform: MAC, platformName: MAC, proxy: Proxy(), setWindowRect: true, strictFileInteractability: false, timeouts: {implicit: 0, pageLoad: 300000, script: 30000}, unhandledPromptBehavior: dismiss and notify, webauthn:virtualAuthenticators: true}
Session ID: b115f4969c401ef6c4699a6a4097a2b2
*** Element info: {Using=xpath, value=//a[@title='Information']}
at sun.reflect.GeneratedConstructorAccessor14.newInstance(Unknown Source)
at sun.reflect.DelegatingConstructorAccessorImpl.newInstance(DelegatingConstructorAccessorImpl.java:45)
at java.lang.reflect.Constructor.newInstance(Constructor.java:423)
at org.openqa.selenium.remote.http.W3CHttpResponseCodec.createException(W3CHttpResponseCodec.java:187)
at org.openqa.selenium.remote.http.W3CHttpResponseCodec.decode(W3CHttpResponseCodec.java:122)
at org.openqa.selenium.remote.http.W3CHttpResponseCodec.decode(W3CHttpResponseCodec.java:49)
at org.openqa.selenium.remote.HttpCommandExecutor.execute(HttpCommandExecutor.java:158)
at org.openqa.selenium.remote.service.DriverCommandExecutor.execute(DriverCommandExecutor.java:83)
at org.openqa.selenium.remote.RemoteWebDriver.execute(RemoteWebDriver.java:552)
at org.openqa.selenium.remote.RemoteWebDriver.findElement(RemoteWebDriver.java:323)
at org.openqa.selenium.remote.RemoteWebDriver.findElementByXPath(RemoteWebDriver.java:428)
at org.openqa.selenium.By$ByXPath.findElement(By.java:353)
at org.openqa.selenium.remote.RemoteWebDriver.findElement(RemoteWebDriver.java:315)
at com.codeborne.selenide.impl.WebElementSelector.findElement(WebElementSelector.java:30)
at com.codeborne.selenide.impl.ElementFinder.getWebElement(ElementFinder.java:74)
at com.codeborne.selenide.impl.WebElementSource.checkCondition(WebElementSource.java:50)
... 24 more
]]>
            </full-stacktrace>
          </exception> <!-- com.codeborne.selenide.ex.ElementNotFound -->
          <reporter-output>
          </reporter-output>
        </test-method> <!-- registerClient -->
        <test-method status="PASS" signature="terminate()[pri:0, instance:selenide_tests.Login@4d95d2a2]" name="terminate" is-config="true" duration-ms="0" started-at="2020-08-13T14:51:57 IST" finished-at="2020-08-13T14:51:57 IST">
          <reporter-output>
          </reporter-output>
        </test-method> <!-- terminate -->
        <test-method status="PASS" signature="terminate()[pri:0, instance:selenide_tests.Login@4d95d2a2]" name="terminate" is-config="true" duration-ms="0" started-at="2020-08-13T14:52:01 IST" finished-at="2020-08-13T14:52:01 IST">
          <reporter-output>
          </reporter-output>
        </test-method> <!-- terminate -->
      </class> <!-- selenide_tests.Login -->
    </test> <!-- Default test -->
  </suite> <!-- Default suite -->
</testng-results>
